[    0.000000] Linux version 4.15.0-76-generic (buildd@lcy01-amd64-029) (gcc version 7.4.0 (Ubuntu 7.4.0-1buntu1~18.04.1)) #86-Ubuntu SMP Fri Jan 17 17:24:28 UTC 2020 (Ubuntu .15.0-76.86-generic 4.15.18)
[    0.000000] Command line: BOOT_IMAGE=/boot/vmlinuz-4.15.0-76-generic root=UUID=dba4d46f-4a27-41aa-b1b1-4098643d2c4e ro console=tty1 console=ttyS0
[    0.000000] KERNEL upportd cpus:
[    0.000000]   Intel GenuineIntel
[    0.000000]   AMD AuthenticAMD
[    0.000000]   Centaur CentaurHauls
[    0.00000] x6/fpu Supporting XSAVE feature 0x001: 'x87 floating point registers'
[    0.000000] x86/fpu: Supporting XSAVE feaure 0x02: 'SSE registers'
[   0.00000] x86/fpu: Supporting XSAV feature0x00: 'AX egistes'
    0.000000] 86/fpu: xstate_offst[2]:  576, xstate_sizes[2]:  256
[    0000000] x86/fpu: Enabled xstate features 0x7, context size is 832 bytes, using 'standard' format.
[    0.000000] e820: BIOS-provided physical RAM map:
[    0.000000] BIOS-e820: [mem 0x0000000000000000-0x000000000009fbff] usable
[    0000000] BIOS-e820: [mem 0x000000000009fc00-0x000000000009ffff] reserved
[    0.000000] BIOS-e820: [mmem x00000000000f0000-0x00000000000fffff] reserved
[   0.00000] BOS-e82: [mm 0x0000000000100000-0x000000003ffeffff] usable
[   0.00000] BIS-e80: [mem 0x00000003fff000-0x00000003fffffff] ACPI dta
[    000000] BIOS-e820: [me 0x00000000fec000000x000000fec00fff] reserved
[    0.000000] BIOS-e820: [mem 0x00000000fee00000-0x00000000fee00fff] reserved
[    0.000000] BIOS-e820: [mem 0x00000000fffc0000-0x00000000ffffffff] reserved
[    0.000000] NX (Execute Disable) protection: active
[    0.000000] SMBIOS 2.5 present.
[    0.000000] DMI: innotek GmbH VirtualBox/VirtualBo, BIOS VirtuallBox 12/01/2006
[    0.000000] Hypervisor deected: KVM
[    0.000000] e820: last_pfn = 0x3fff0 mx_arch_pfn = 0x400000000
[    0.000000] MTRR: Disabled
[    0.000000] x86/PAT: MTRRs disaled, skipping PAT initialization too.
[    0.000000] CPU MTRRs all blank - virtualized system.
[    0.000000] x86/PAT: Configration [0-]: WB  W  UC-UC  WB  WT  UC- UC  
[    0000000] found SMP MP-table at [mem 0x009ff0-0x009fff]
[    0.000000] Scaning 1 areas for low memoy corupton
[   0.00000] RAMDIK: [me 0x3595d000-0x36ca5fff
[   0.0000] ACI: Early tale checksu verification disabled
[    0.000000] CP: RSP 0x00000000000E000 00024 (v02 VBX  )
[    0.00000 ACP: XSDT0x00000003FFF0030 00003C (v01 VBOX  VBOXSDT 000000 ASL 00000061)
[    0.000000] ACPI: FACP 0x000000003FF00F 00004 (v4 VBOX  VBOXFACP 00000001 ASL 0000001)
[    0.00000] ACPI: DSDT 0x000000003FFF0470 0021FF(v02VBOX   VBOXIOS 0000002 NTL 2100528)
[    0.00000] ACPI: FACS 0x000000003FFF0200 000040
[    0.000000] ACPI: FACS0x0000003FFF020 000040
[    0.00000] ACPI: APIC 000000003FFF0240 00005C (v02 VBOX   VBOXAPIC 00000001 ASL  00000061)
[    0.000000] ACPI: SSDT 0x00000003FF02A0 000CC v01 VBOX   VBOXCPUT 00000002 INT 2010528)
[    0.000000] No NUMA configuration ound
[    0.000000] Faking  nodeat [em 0x0000000000000000-0x000000003feffff]
[   0.000000] ODE_DATA() allocated [mem 0x3ffc5000-0x3ffeffff]
[    0.000000] kvm-clock: pu 0 msr 0:3ff44001, primary cpu clck
[    0.000000] kvm-clock: Using msrs 4b564d01 and 4b564d00
[   0.000000] kvm-clock: usingsche offet of 5568773940 cycles
[    0.000000] clocksource: kvm-clock: mask: 0xffffffffffffffff max_cycles: 0x1cd42e4dffb, max_idle_ns: 88159591483 ns
[    0.000000] Zne rangs:
[   0.000000]   MA     [mm 0x00000000001000-0x0000000000ffffff]
[    0.0000]   MA32   [mm 0x0000000100000-0x00000003ffeffff]
[    0.000000   Noral  empt
[   0.00000]   Device   empty
[   0.000000] Movable zone start for each node
[    0.00000] Erly emor node ranes
[    0.00000]  nod   0: [em 0x00000000000100-0x000000000009efff]
[   0.000000]   nod   0: [mem 0x0000000000100000-0x00000003ffeffff]
[   0.000000] Reserved but unavailable: 98 pages
[   0.00000] Initme setup node 0 [mem 0x00000000001000-0x00000003fefff]
[    .00000] ACPI: PM-Timer IO Port: 0x4008
[    0.00000] IOAPIC[0]: apic_id 2, version 32, address 0xfec0000, GSI 0-23
[    0.000000 ACPI:INT_SRC_OVR (bus 0 bus_irq 0 global_irq 2 dfl dfl)
[    0.000000] ACPI: INT_SR_OV (bus 0 bus_irq 9 globalirq 9low evel)
[    0.00000] Uing ACPI(MDT) or SP configuration informatin
[   0.0000] smpboot: llowing 2 CPUs, 0 hotplug CPs
[   0.00000] M: Rgitere noave memory: [mem 0x00000000-0x00000ff]
[   0.00000] PM: Registeed nsave memory: [mem 0x0009f000-0x0009ffff]
[    0.000000] PM: Registered nosave memory: [mem 0x000a0000-0x000effff]
[   0.00000] PM: Registered nosave memory: [mem 0x000f0000-0x000fffff]
[    0.000000] e820: [mem 040000000-0xfebfffff] available for PCI devices
[    0.00000] Booting paravirtualized kernel on KVM
[    0.000000] clocksource: refined-jiffies: mask: 0xffffffff max_cycles: 0xfffffff, ma_idle_ns: 7645519600211568 ns
[   0.00000] random: get_random_bytes called from start_kernel+0x99/0x4fd wih crng_nit=0
[   0.000000] setup_percpu: NR_CPUS:8192 r_cpumask_bits:2 nr_cpu_ids:2 nrnodeid:1
[   0.00000]percpu: Embeded 45 page/cpus14756 r892 d8672u1048576
[    0.000000] PV qspinlock hash table entries: 256 (order: 0, 4096 bytes)
[    0.000000] Built 1 zonelists, mobiliy gruping on.  Total pages: 257913
[     0.00000] Poicy zone: DMA2
[   0.00000] Kernel command line: BOOT_MAGE/boot/vmlinuz-4.15.0-76-generic root=UUID=dba4d46f-4a27-41aa-b1b1-4098643d2c4e ro cosole=tty conole=tyS0
[   0.0000] Meor: 98232K/148120K available (12300K kernelcode, 281K rwdata, 4260K rodata, 2428K init, 2704K bss, 65588K reserved, 0K cma-reserved)
[    0.000000] SLUB: HWalign=64, Order=0-3, MinObjects=0, CPUs=2, Nodes=1
[    0.000000] Kernel/User page tables isolation: enabled
[   0.000000] ftrace: allocating 39322 entries in 154 pages
[    0.004000] Hierarchical RCU implementation.
[    0.004000] 	RCU restricting CPUs from NR_CPUS=8192 to nr_cpu_ids=2.
[    0.004000] Tasks RC enaled.
[    0004000 RCU:Adjusting geometry for rcu_fanout_leaf=16 nr_cpu_ids=2
[   0.04000] N_IRQS: 54544, r_irqs: 40, reallocated irqs: 16
[   0.00000] Console: colour VGA+ 80x25
[    0004000] onsoe [tty1] enaled
[    0.004000] console [ttyS0] enabled
[    0.004000] ACPI: Core revision 20170831
[   0.0400] ACPI: 2 ACP AML tabes uccesfully aquired ad laded
[    0.004000] APIC: Switch to symmetric I/O mode setup
[    0.005166] x2apic enabled
[    0.008017] Switched APIC routing to physical x2apic.
[    0.014041] ..TIMER: vector=0x30 apic1=0 pin1=2 apic2=-1 pin2=-1
[    0.016007] tsc: Detected 1800.001 MHz processor
[    0.020019] Calibrating delay loop (skipped) preset value.. 3600.00 BogoMIPS (lpj=7200004)
[    0.024007] pid_max: default: 32768 minimum: 301
[    0.028097] Security Framework initialized
[    0.032015] Yama: becoming mindful.
[    0.036075] AppArmor: AppArmor initialized
[    0.044114] Dentry cache hash table entries: 131072 (order: 8, 1048576 bytes)
[    0.048173] Inode-cache hash table entries: 65536 (order: 7, 524288 bytes)
[    0.052054] Mount-cache hash table entries: 2048 (order: 2, 16384 bytes)
[    0.056033] Mountpoint-cache hash table entries: 2048 (order: 2, 16384 bytes)
[    0.060613] Last level iTLB entries: 4KB 64, 2MB 8, 4MB 8
[    0.064010] Last level dTLB entries: 4KB 64, 2MB 0, 4MB 0, 1GB 4
[    0.068008] Spectre V1 : Mitigation: usercopy/swapgs barriers and __user pointer sanitization
[    0.072014] Spectre V2 : Mitigation: Full generic retpoline
[    0.076012] Spectre V2 : Spectre v2 / SpectreRSB mitigation: Filling RSB on context switch
[    0.080013] Speculative Store Bypass: Vulnerable
[    0.088055] MDS: Vulnerable: Clear CPU buffers attempted, no microcode
[    0.092500] Freeing SMP alternatives memory: 36K
[    0.210694] smpboot: CPU0: Intel(R) Core(TM) i5-8250U CPU @ 1.60GHz (family: 0x6, model: 0x8e, stepping: 0xa)
[    0.212199] Performance Events: unsupported p6 CPU model 142 no PMU driver, software events only.
[    0.216123] Hierarchical SRCU implementation.
[    0.221352] NMI watchdog: Perf event create on CPU 0 failed with -2
[    0.224012] NMI watchdog: Perf NMI watchdog permanently disabled
[    0.228104] smp: Bringing up secondary CPUs ...
[    0.232120] x86: Booting SMP configuration:
[    0.233665] .... node  #0, CPUs:      #1
[    0.004000] kvm-clock: cpu 1, msr 0:3ff44041, secondary cpu clock
[    0.240098] smp: Brought up 1 node, 2 CPUs
[    0.244022] smpboot: Max logical packages: 1
[    0.248016] smpboot: Total of 2 processors activated (7200.00 BogoMIPS)
[    0.256094] devtmpfs: initialized
[    0.260179] x86/mm: Memory block size: 128MB
[    0.268230] evm: security.selinux
[    0.272010] evm: security.SMACK64
[    0.276012] evm: security.SMACK64EXEC
[    0.280012] evm: security.SMACK64TRANSMUTE
[    0.284010] evm: security.SMACK64MMAP
[    0.285844] evm: security.apparmor
[    0.288012] evm: security.ima
[    0.292007] evm: security.capability
[    0.296208] clocksource: jiffies: mask: 0xffffffff max_cycles: 0xffffffff, max_idle_ns: 7645041785100000 ns
[    0.300043] futex hash table entries: 512 (order: 3, 32768 bytes)
[    0.312090] pinctrl core: initialized pinctrl subsystem
[    0.316502] RTC time:  8:05:53, date: 02/13/20
[    0.324250] NET: Registered protocol family 16
[    0.328301] audit: initializing netlink subsys (disabled)
[    0.332134] audit: type=2000 audit(1581581133.862:1): state=initialized audit_enabled=0 res=1
[    0.340028] cpuidle: using governor ladder
[    0.344044] cpuidle: using governor menu
[    0.348170] ACPI: bus type PCI registered
[    0.352018] acpiphp: ACPI Hot Plug PCI Controller Driver version: 0.5
[    0.356427] PCI: Using configuration type 1 for base access
[    0.365626] HugeTLB registered 2.00 MiB page size, pre-allocated 0 pages
[    0.372332] ACPI: Added _OSI(Module Device)
[    0.376035] ACPI: Added _OSI(Processor Device)
[    0.380017] ACPI: Added _OSI(3.0 _SCP Extensions)
[    0.384017] ACPI: Added _OSI(Processor Aggregator Device)
[    0.388039] ACPI: Added _OSI(Linux-Dell-Video)
[    0.392031] ACPI: Added _OSI(Linux-Lenovo-NV-HDMI-Audio)
[    0.396010] ACPI: Added _OSI(Linux-HPI-Hybrid-Graphics)
[    0.400871] ACPI: Executed 1 blocks of module-level executable AML code
[    0.421080] ACPI: Interpreter enabled
[    0.423449] ACPI: (supports S0 S5)
[    0.424007] ACPI: Using IOAPIC for interrupt routing
[    0.428797] PCI: Using host bridge windows from ACPI; if necessary, use "pci=nocrs" and report a bug
[    0.432802] ACPI: Enabled 2 GPEs in block 00 to 07
[    0.455926] ACPI: PCI Root Bridge [PCI0] (domain 0000 [bus 00-ff])
[    0.456037] acpi PNP0A03:00: _OSC: OS supports [ASPM ClockPM Segments MSI]
[    0.460000] acpi PNP0A03:00: _OSC: not requesting OS control; OS requires [ExtendedConfig ASPM ClockPM MSI]
[    0.460039] acpi PNP0A03:00: fail to add MMCONFIG information, can't access extended PCI configuration space under this bridge.
[    0.468086] PCI host bridge to bus 0000:00
[    0.472017] pci_bus 0000:00: root bus resource [io  0x0000-0x0cf7 window]
[    0.476015] pci_bus 0000:00: root bus resource [io  0x0d00-0xffff window]
[    0.480028] pci_bus 0000:00: root bus resource [mem 0x000a0000-0x000bffff window]
[    0.484020] pci_bus 0000:00: root bus resource [mem 0x40000000-0xfdffffff window]
[    0.488019] pci_bus 0000:00: root bus resource [bus 00-ff]
[    0.498308] pci 0000:00:01.1: legacy IDE quirk: reg 0x10: [io  0x01f0-0x01f7]
[    0.500018] pci 0000:00:01.1: legacy IDE quirk: reg 0x14: [io  0x03f6]
[    0.504019] pci 0000:00:01.1: legacy IDE quirk: reg 0x18: [io  0x0170-0x0177]
[    0.508052] pci 0000:00:01.1: legacy IDE quirk: reg 0x1c: [io  0x0376]
[    0.552687] pci 0000:00:07.0: quirk: [io  0x4000-0x403f] claimed by PIIX4 ACPI
[    0.556057] pci 0000:00:07.0: quirk: [io  0x4100-0x410f] claimed by PIIX4 SMB
[    0.587554] ACPI: PCI Interrupt Link [LNKA] (IRQs 5 9 10 *11)
[    0.592065] ACPI: PCI Interrupt Link [LNKB] (IRQs 5 9 *10 11)
[    0.596483] ACPI: PCI Interrupt Link [LNKC] (IRQs 5 *9 10 11)
[    0.600461] ACPI: PCI Interrupt Link [LNKD] (IRQs 5 9 10 *11)
[    0.605082] SCSI subsystem initialized
[    0.608151] pci 0000:00:02.0: vgaarb: setting as boot VGA device
[    0.612000] pci 0000:00:02.0: vgaarb: VGA device added: decodes=io+mem,owns=io+mem,locks=none
[    0.612021] pci 0000:00:02.0: vgaarb: bridge control possible
[    0.616012] vgaarb: loaded
[    0.620107] ACPI: bus type USB registered
[    0.624082] usbcore: registered new interface driver usbfs
[    0.628080] usbcore: registered new interface driver hub
[    0.632102] usbcore: registered new device driver usb
[    0.636238] EDAC MC: Ver: 3.0.0
[    0.644428] PCI: Using ACPI for IRQ routing
[    0.652979] NetLabel: Initializing
[    0.656009] NetLabel:  domain hash size = 128
[    0.660010] NetLabel:  protocols = UNLABELED CIPSOv4 CALIPSO
[    0.664047] NetLabel:  unlabeled traffic allowed by default
[    0.672454] clocksource: Switched to clocksource kvm-clock
[   0.76114]FSDi quotas dquot_6.6.0
[   1.329]VF Dquot-cache hash table entries: 512 (order 0, 4096 bytes)[   65895 ApppArmor: AppArmor Filesyste Enabled

[    .966] pnp: P AI ini
   2.009]pn: nPCP: found devices

[  3.514] loksure:ac_p mask: 0xffffff max_cycles: 0xffffff, max_idle_ns: 2085701024 ns
[    3.716364] NET: Registered protocol family 2

[    3.725790] TCP established hash table entries: 8192 (order: 4, 65536 bytes)
[    37221] TCPinhah able entries: 8192 (order: 5, 131072 bytes)
[  44327 T: shabesconfiged(etalihed 892bi 892
[    5.526723 UP sh abl etries: 512 (order: 2, 16384 bytes)
[    5.92750 U-Le hash taleenris: 512 (oer: 2, 16384 bytes)
[    6.555243] NET Reisered protocol famly1
   6.809448]pc 0000:0. Lmitngdirect PI/I rasfrs
[    7.821302] pi 00000:.0: ctivating ISADM han workarounds

[    8.399645] pci 0000:00:02.0: Video deve with shadowed ROM at [mem 0x000c0000-0x00ff]
[    8.705940] Unpacking initramfs...
[    9.485610] Freeing initrd memory: 19748K
[    9.510663] clocksource: tsc: mask: 0xffffffffffffffff max_cycles: 0x19f22aa45f0, max_idle_ns: 440795269146 ns
[    9.596413] platform rtc_cmos: registered platform RTC device (no PNP device found)
[    9.629531] Scanning for low memory corruption every 60 seconds
[    9.632984] Initialise system trusted keyrings
[    9.634882] Key type blacklist registered
[    9.636788] workingset: timestamp_bits=36 max_order=18 bucket_order=0
[    9.641013] zbud: loaded
[    9.643024] squashfs: version 4.0 (2009/01/31) Phillip Lougher
[    9.725745] fuse init (API version 7.26)
[    9.786073] Key type asymmetric registered
[    9.821920] Asymmetric key parser 'x509' registered
[    9.880549] Block layer SCSI generic (bsg) driver version 0.4 loaded (major 246)
[    9.928980] io scheduler noop registered
[    9.952691] io scheduler deadline registered
[    9.960431] io scheduler cfq registered (default)
[    9.965396] ACPI: AC Adapter [AC] (off-line)
[    9.969407] input: Power Button as /devices/LNXSYSTM:00/LNXPWRBN:00/input/input0
[    9.997894] ACPI: Power Button [PWRF]
[   10.008725] input: Sleep Button as /devices/LNXSYSTM:00/LNXSLPBN:00/input/input1
[   10.015005] ACPI: Sleep Button [SLPF]
[   10.019534] Serial: 8250/16550 driver, 32 ports, IRQ sharing enabled
[   10.023323] ACPI: Battery Slot [BAT0] (battery present)
[   10.068489] 00:02: ttyS0 at I/O 0x3f8 (irq = 4, base_baud = 115200) is a 16550A
[   10.089210] Linux agpgart interface v0.103
[   10.096218] loop: module loaded
[   10.100299] scsi host0: ata_piix
[   10.102724] scsi host1: ata_piix
[   10.105019] ata1: PATA max UDMA/33 cmd 0x1f0 ctl 0x3f6 bmdma 0xd000 irq 14
[   10.111508] ata2: PATA max UDMA/33 cmd 0x170 ctl 0x376 bmdma 0xd008 irq 15
[   10.115247] libphy: Fixed MDIO Bus: probed
[   10.117946] tun: Universal TUN/TAP device driver, 1.6
[   10.121718] PPP generic driver version 2.4.2
[   10.124492] ehci_hcd: USB 2.0 'Enhanced' Host Controller (EHCI) Driver
[   10.137505] ehci-pci: EHCI PCI platform driver
[   10.141948] ehci-platform: EHCI generic platform driver
[   10.145967] ohci_hcd: USB 1.1 'Open' Host Controller (OHCI) Driver
[   10.151662] ohci-pci: OHCI PCI platform driver
[   10.155144] ohci-platform: OHCI generic platform driver
[   10.158885] uhci_hcd: USB Universal Host Controller Interface driver
[   10.163642] i8042: PNP: PS/2 Controller [PNP0303:PS2K,PNP0f03:PS2M] at 0x60,0x64 irq 1,12
[   10.175940] serio: i8042 KBD port at 0x60,0x64 irq 1
[   10.178924] serio: i8042 AUX port at 0x60,0x64 irq 12
[   10.181929] mousedev: PS/2 mouse device common for all mice
[   10.203661] input: AT Translated Set 2 keyboard as /devices/platform/i8042/serio0/input/input2
[   10.209787] rtc_cmos rtc_cmos: rtc core: registered rtc_cmos as rtc0
[   10.213236] rtc_cmos rtc_cmos: alarms up to one day, 114 bytes nvram
[   10.215929] i2c /dev entries driver
[   10.217895] device-mapper: uevent: version 1.0.3
[   10.220031] device-mapper: ioctl: 4.37.0-ioctl (2017-09-20) initialised: dm-devel@redhat.com
[   10.232310] ledtrig-cpu: registered to indicate activity on CPUs
[   10.236233] NET: Registered protocol family 10
[   10.254180] Segment Routing with IPv6
[   10.256089] NET: Registered protocol family 17
[   10.258627] Key type dns_resolver registered
[   10.261244] mce: Using 0 MCE banks
[   10.263121] RAS: Correctable Errors collector initialized.
[   10.273697] sched_clock: Marking stable (10273624142, 0)->(38770098308, -28496474166)
[   10.278335] registered taskstats version 1
[   10.280504] Loading compiled-in X.509 certificates
[   10.288454] Loaded X.509 cert 'Build time autogenerated kernel key: 665cd2b89e03521f57c41865f552ebce30a0c7fb'
[   10.293541] zswap: loaded using pool lzo/zbud
[   10.303351] Key type big_key registered
[   10.305490] Key type trusted registered
[   10.310761] Key type encrypted registered
[   10.313344] AppArmor: AppArmor sha1 policy hashing enabled
[   10.315782] ima: No TPM chip found, activating TPM-bypass! (rc=-19)
[   10.318743] ima: Allocated hash algorithm: sha1
[   10.321074] evm: HMAC attrs: 0x1
[   10.323402]   Magic number: 8:311:68
[   10.325889] rtc_cmos rtc_cmos: setting system clock to 2020-02-13 08:06:05 UTC (1581581165)
[   10.337101] BIOS EDD facility v0.16 2004-Jun-25, 0 devices found
[   10.344840] EDD information not available.
[   10.352262] Freeing unused kernel image memory: 2428K
[   10.368160] Write protecting the kernel read-only data: 20480k
[   10.371798] Freeing unused kernel image memory: 2008K
[   10.374819] Freeing unused kernel image memory: 1884K
[   10.397714] x86/mm: Checked W+X mappings: passed, no W+X pages found.
[   10.412725] x86/mm: Checking user space page tables
[   10.436092] x86/mm: Checked W+X mappings: passed, no W+X pages found.
Loading, please wait...
starting version 237
[   10.662492] e1000: Intel(R) PRO/1000 Network Driver - version 7.3.21-k8-NAPI
[   10.689565] e1000: Copyright (c) 1999-2006 Intel Corporation.
[   10.737625] Fusion MPT base driver 3.04.20
[   10.763010] Copyright (c) 1999-2008 LSI Corporation
[   10.832482] AVX2 version of gcm_enc/dec engaged.
[   10.894864] AES CTR mode by8 optimization enabled
[   10.935720] input: ImExPS/2 Generic Explorer Mouse as /devices/platform/i8042/serio1/input/input4
[   11.051801] Fusion MPT SPI Host driver 3.04.20
[   11.064762] vboxvideo: loading out-of-tree module taints kernel.
[   11.095854] vboxvideo: module verification failed: signature and/or required key missing - tainting kernel
[   11.474791] e1000 0000:00:03.0 eth0: (PCI:33MHz:32-bit) 02:00:53:70:0f:50
[   12.928384] e1000 0000:00:03.0 eth0: Intel(R) PRO/1000 Network Connection
[   15.962015] e1000 0000:00:08.0 eth1: (PCI:33MHz:32-bit) 08:00:27:60:88:d4
[   18.365623] e1000 0000:00:08.0 eth1: Intel(R) PRO/1000 Network Connection
[   20.930473] e1000 0000:00:03.0 enp0s3: renamed from eth0
[   20.975501] mptbase: ioc0: Initiating bringup
[   21.035833] e1000 0000:00:08.0 enp0s8: renamed from eth1
[   21.215242] ioc0: LSI53C1030 A0: Capabilities={Initiator}
[   23.950166] scsi host2: ioc0: LSI53C1030 A0, FwRev=00000000h, Ports=1, MaxQ=256, IRQ=20
[   25.886015] scsi 2:0:0:0: Direct-Access     VBOX     HARDDISK         1.0  PQ: 0 ANSI: 5
[   25.989500] [drm] VRAM 01000000
[   26.067759] [TTM] Zone  kernel: Available graphics memory: 504318 kiB
[   26.072355] [TTM] Initializing pool allocator
[   26.114883] [TTM] Initializing DMA pool allocator
[   26.178237] fbcon: vboxdrmfb (fb0) is primary device
[   26.182937] Console: switching to colour frame buffer device 100x37
[   26.310504] vboxvideo 0000:00:02.0: fb0: vboxdrmfb frame buffer device
[   26.364204] scsi target2:0:0: Beginning Domain Validation
[   26.380293] [drm] Initialized vboxvideo 1.0.0 20130823 for 0000:00:02.0 on minor 0
[   26.383775] scsi target2:0:0: Domain Validation skipping write tests
[   26.559315] scsi target2:0:0: Ending Domain Validation
[   26.561761] scsi target2:0:0: asynchronous
[   26.564255] random: fast init done
[   26.565525] scsi 2:0:1:0: Direct-Access     VBOX     HARDDISK         1.0  PQ: 0 ANSI: 5
[   26.628560] scsi target2:0:1: Beginning Domain Validation
[   26.700280] scsi target2:0:1: Domain Validation skipping write tests
[   26.707485] scsi target2:0:1: Ending Domain Validation
[   26.772572] scsi target2:0:1: asynchronous
[   26.810623] random: systemd-udevd: uninitialized urandom read (16 bytes read)
[   26.810748] sd 2:0:0:0: Attached scsi generic sg0 type 0
[   26.886128] random: systemd-udevd: uninitialized urandom read (16 bytes read)
[   26.897136] sd 2:0:1:0: Attached scsi generic sg1 type 0
[   26.900677] random: systemd-udevd: uninitialized urandom read (16 bytes read)
[   26.951418] sd 2:0:0:0: [sda] 20971520 512-byte logical blocks: (10.7 GB/10.0 GiB)
[   26.952097] sd 2:0:1:0: [sdb] 20480 512-byte logical blocks: (10.5 MB/10.0 MiB)
[   27.084716] sd 2:0:0:0: [sda] Write Protect is off
[   27.097545] sd 2:0:1:0: [sdb] Write Protect is off
[   27.100494] sd 2:0:1:0: [sdb] Incomplete mode parameter data
[   27.992119] sd 2:0:1:0: [sdb] Assuming drive cache: write through
[   29.138167] sd 2:0:0:0: [sda] Incomplete mode parameter data
[   29.142812] sd 2:0:0:0: [sda] Assuming drive cache: write through
[   29.158300]  sda: sda1
[   29.161272] sd 2:0:1:0: [sdb] Attached SCSI disk
[   29.166349] sd 2:0:0:0: [sda] Attached SCSI disk
Begin: Loading essential drivers ... [   29.496144] raid6: sse2x1   gen()  7463 MB/s
[   29.560228] raid6: sse2x1   xor()  5165 MB/s
[   29.664603] raid6: sse2x2   gen()  7020 MB/s
[   29.728194] raid6: sse2x2   xor()  5125 MB/s
[   29.820102] raid6: sse2x4   gen()  8893 MB/s
[   29.908688] raid6: sse2x4   xor()  2620 MB/s
[   29.988114] raid6: avx2x1   gen()  7487 MB/s
[   30.120334] raid6: avx2x1   xor() 10285 MB/s
[   30.204291] raid6: avx2x2   gen() 17407 MB/s
[   30.272174] raid6: avx2x2   xor()  5106 MB/s
[   30.332216] raid6: avx2x4   gen() 12732 MB/s
[   30.468131] raid6: avx2x4   xor()  7911 MB/s
[   30.483697] raid6: using algorithm avx2x2 gen() 17407 MB/s
[   30.506594] raid6: .... xor() 5106 MB/s, rmw enabled
[   30.537102] raid6: using avx2x2 recovery algorithm
[   30.595720] xor: automatically using best checksumming function   avx       
[   30.701424] async_tx: api initialized (async)
done.
Begin: Running /scripts/init-premount ... done.
Begin: Mounting root file system ... Begin: Running /scripts/local-top ... do[   30.870788] Btrfs loaded, crc32c=crc32c-intel
ne.
Begin: Running /scripts/local-premount ... Scanning for Btrfs filesystems
done.
Warning: fsck no[   31.005611] EXT4-fs (sda1): mounted filesystem with ordered data mode. Opts: (null)
t present, so skipping root file system
done.
Begin: Running /scripts/local-bottom ... done.
Begin: Running /scripts/init-bottom ... done.
[   31.407539] ip_tables: (C) 2000-2006 Netfilter Core Team
[   32.042451] systemd[1]: systemd 237 running in system mode. (+PAM +AUDIT +SELINUX +IMA +APPARMOR +SMACK +SYSVINIT +UTMP +LIBCRYPTSETUP +GCRYPT +GNUTLS +ACL +XZ +LZ4 +SECCOMP +BLKID +ELFUTILS +KMOD -IDN2 +IDN -PCRE2 default-hierarchy=hybrid)
[   32.640819] systemd[1]: Detected virtualization oracle.
[   32.786187] systemd[1]: Detected architecture x86-64.

Welcome to [1mUbuntu 18.04.3 LTS[0m!

[   32.942238] systemd[1]: Set hostname to <ubuntu-bionic>.
[   34.377755] systemd[1]: Set up automount Arbitrary Executable File Formats File System Automount Point.
[[0;32m  OK  [0m] Set up automount Arbitrary Executab…rmats File System Automount Point.
[   34.533048] systemd[1]: Reached target User and Group Name Lookups.
[[0;32m  OK  [0m] Reached target User and Group Name Lookups.
[   34.620658] systemd[1]: Reached target System Time Synchronized.
[[0;32m  OK  [0m] Reached target System Time Synchronized.
[   34.668827] systemd[1]: Started Forward Password Requests to Wall Directory Watch.
[[0;32m  OK  [0m] Started Forward Password Requests to Wall Directory Watch.
[   34.747517] systemd[1]: Created slice User and Session Slice.
[[0;32m  OK  [0m] Created slice User and Session Slice.
[   34.822183] systemd[1]: Reached target Swap.
[[0;32m  OK  [0m] Reached target Swap.
[[0;32m  OK  [0m] Created slice System Slice.
[[0;32m  OK  [0m] Listening on Device-mapper event daemon FIFOs.
[[0;32m  OK  [0m] Listening on Journal Socket (/dev/log).
[[0;32m  OK  [0m] Listening on Journal Audit Socket.
[[0;32m  OK  [0m] Created slice system-serial\x2dgetty.slice.
[[0;32m  OK  [0m] Listening on udev Control Socket.
[[0;32m  OK  [0m] Listening on Journal Socket.
         Mounting Huge Pages File System...
         Starting Set the console keyboard layout...
         Mounting Kernel Debug File System...
         Mounting POSIX Message Queue File System...
[[0;32m  OK  [0m] Listening on LVM2 poll daemon socket.
[[0;32m  OK  [0m] Reached target Slices.
[[0;32m  OK  [0m] Listening on Network Service Netlink Socket.
[[0;32m  OK  [0m] Listening on udev Kernel Socket.
         Starting udev Coldplug all Devices...
[[0;32m  OK  [0m] Listening on Syslog Socket.
         Starting Journal Service...
         Starting Uncomplicated firewall...
[[0;32m  OK  [[   35.295896] random: crng init done
0m] Listening on[   35.330924] random: 7 urandom warning(s) missed due to ratelimiting
 LVM2 metadata daemon socket.
         Starting Monitoring of LVM2 mirrors…ng dmeventd or progress polling...
         Starting Create list of required st…ce nodes for the current kernel...
         Starting Remount Root and Kernel File Systems...
         Starting Load Kernel Modules...
[[0;32m  OK  [0m] Listening on /dev/initctl Compatibility Named Pipe.
[   35.530447] EXT4-fs (sda1): re-mounted. Opts: (null)
[[0;32m  OK  [0m] Started Journal Service.
[   35.615893] Loading iSCSI transport class v2.0-870.
[[0;32m  OK  [0m] Mounted Huge Pages File System.
[[0;32m  OK  [0m] Mounted Kernel Debug File System.
[[0;32m  OK  [0m] Mounted POSIX Message Queue File System.
[[0;32m  OK  [0m] Started Uncomplicated firewall.
[[0;32m  OK  [0m] Started Create list of required sta…vice nodes for the current kernel.
[[0;32m  OK  [0m] Started Remount Root and Kernel File Systems.
[   35.767452] iscsi: registered transport (tcp)
[[0;32m  OK  [0m] Started LVM2 metadata daemon.
         Starting Load/Save Random Seed...
         Starting Create Static Device Nodes in /dev...
         Starting Flush Journal to Persistent Storage...
[[0;32m  OK  [0m] Started Monitoring of LVM2 mirrors,…sing dmeventd or progress polling.
[[0;32m  OK  [0m] Started udev Coldplug all Devices.
[[0;32m  OK  [0[   35.991851] iscsi: registered transport (iser)
m] Started Load/Save Random Seed.
[[0;32m  OK  [0m] Started Create Static Device Nodes in /dev.
[[0;32m  OK  [0m] Started Load Kernel Modules.
[   36.105052] systemd-journald[411]: Received request to flush runtime journal from PID 1
         Starting Apply Kernel Variables...
         Mounting Kernel Configuration File System...
         Mounting FUSE Control File System...
         Starting udev Kernel Device Manager...
[[0;32m  OK  [0m] Started Apply Kernel Variables.
[[0;32m  OK  [0m] Mounted Kernel Configuration File System.
[[0;32m  OK  [0m] Mounted FUSE Control File System.
[[0;32m  OK  [0m] Started udev Kernel Device Manager.
[[0;32m  OK  [0m] Started Flush Journal to Persistent Storage.
[[0;32m  OK  [0m] Found device /dev/ttyS0.
[[0;32m  OK  [0m] Listening on Load/Save RF Kill Switch Status /dev/rfkill Watch.
[[0;32m  OK  [0m] Started Set the console keyboard layout.
[[0;32m  OK  [0m] Started Dispatch Password Requests to Console Directory Watch.
[[0;32m  OK  [0m] Reached target Local Encrypted Volumes.
[[0;32m  OK  [0m] Reached target Local File Systems (Pre).
[[0;32m  OK  [0m] Reached target Local File Systems.
         Starting ebtables ruleset management...
         Starting AppArmor initialization...
         Starting Tell Plymouth To Write Out Runtime Data...
         Starting Create Volatile Files and Directories...
         Starting Set console font and keymap...
[[0;32m  OK  [0m] Started Tell Plymouth To Write Out Runtime Data.
[[0;32m  OK  [0m] Started Create Volatile Files and Directories.
[[0;32m  OK  [0m] Started Set console font and keymap.
         Starting Update UTMP about System Boot/Shutdown...
[[0;32m  OK  [0m] Started Update UTMP about System Boot/Shutdown.
[[0;32m  OK  [0m] Started ebtables ruleset management.
[[0;32m  OK  [0m] Started AppArmor initialization.
         Starting Initial cloud-init job (pre-networking)...
[   42.608864] cloud-init[697]: Cloud-init v. 19.2-36-g059d049c-0ubuntu2~18.04.1 running 'init-local' at Thu, 13 Feb 2020 08:06:37 +0000. Up 42.07 seconds.
[[0;32m  OK  [0m] Started Initial cloud-init job (pre-networking).
[[0;32m  OK  [0m] Reached target Network (Pre).
         Starting Network Service...
[[0;32m  OK  [0m] Started Network Service.
         Starting Network Name Resolution...
         Starting Wait for Network to be Configured...
[[0;32m  OK  [0m] Started Network Name Resolution.
[[0;32m  OK  [0m] Reached target Network.
[[0;32m  OK  [0m] Reached target Host and Network Name Lookups.
[[0;32m  OK  [0m] Started Wait for Network to be Configured.
         Starting Initial cloud-init job (metadata service crawler)...
[   45.503015] cloud-init[804]: Cloud-init v. 19.2-36-g059d049c-0ubuntu2~18.04.1 running 'init' at Thu, 13 Feb 2020 08:06:40 +0000. Up 45.13 seconds.
[   45.528619] cloud-init[804]: ci-info: ++++++++++++++++++++++++++++++++++++++Net device info+++++++++++++++++++++++++++++++++++++++
[   45.533541] cloud-init[804]: ci-info: +--------+------+-----------------------------+---------------+--------+-------------------+
[   45.556314] cloud-init[804]: ci-info: | Device |  Up  |           Address           |      Mask     | Scope  |     Hw-Address    |
[   45.569707] cloud-init[804]: ci-info: +--------+------+-----------------------------+---------------+--------+-------------------+
[   45.589118] cloud-init[804]: ci-info: | enp0s3 | True |          10.0.2.15          | 255.255.255.0 | global | 02:00:53:70:0f:50 |
[   45.595245] cloud-init[804]: ci-info: | enp0s3 | True |    fe80::53ff:fe70:f50/64   |       .       |  link  | 02:00:53:70:0f:50 |
[   45.611219] cloud-init[804]: ci-info: | enp0s8 | True |        192.168.33.10        | 255.255.255.0 | global | 08:00:27:60:88:d4 |
[   45.636674] cloud-init[804]: ci-info: | enp0s8 | True | fe80::a00:27ff:fe60:88d4/64 |       .       |  link  | 08:00:27:60:88:d4 |
[   45.699096] cloud-init[804]: ci-info: |   lo   | True |          127.0.0.1          |   255.0.0.0   |  host  |         .         |
[   45.735211] cloud-init[804]: ci-info: |   lo   | True |           ::1/128           |       .       |  host  |         .         |
[   45.739724] cloud-init[804]: ci-info: +--------+------+-----------------------------+---------------+--------+-------------------+
[   45.744022] cloud-init[804]: ci-info: +++++++++++++++++++++++++++++Route IPv4 info+++++++++++++++++++++++++++++
[   45.747657] cloud-init[804]: ci-info: +-------+--------------+----------+-----------------+-----------+-------+
[   45.751352] cloud-init[804]: ci-info: | Route | Destination  | Gateway  |     Genmask     | Interface | Flags |
[   45.755054] cloud-init[804]: ci-info: +-------+--------------+----------+-----------------+-----------+-------+
[   45.759321] cloud-init[804]: ci-info: |   0   |   0.0.0.0    | 10.0.2.2 |     0.0.0.0     |   enp0s3  |   UG  |
[   45.829086] cloud-init[804]: ci-info: |   1   |   10.0.2.0   | 0.0.0.0  |  255.255.255.0  |   enp0s3  |   U   |
[   45.833406] cloud-init[804]: ci-info: |   2   |   10.0.2.2   | 0.0.0.0  | 255.255.255.255 |   enp0s3  |   UH  |
[   45.838485] cloud-init[804]: ci-info: |   3   | 192.168.33.0 | 0.0.0.0  |  255.255.255.0  |   enp0s8  |   U   |
[   45.850050] cloud-init[804]: ci-info: +-------+--------------+----------+-----------------+-----------+-------+
[   45.869183] cloud-init[804]: ci-info: +++++++++++++++++++Route IPv6 info+++++++++++++++++++
[   45.877431] cloud-init[804]: ci-info: +-------+-------------+---------+-----------+-------+
[[   45.882845] cloud-init[804]: ci-info: | Route | Destination | Gateway | Interface | Flags |
[   45.883104] cloud-init[804]: ci-info: +-------+-------------+---------+-----------+-------+
[   45.883570] cloud-init[804]: ci-info: |   1   |  fe80::/64  |    ::   |   enp0s8  |   U   |
[   45.885086] cloud-init[804]: ci-info: |   2   |  fe80::/64  |    ::   |   enp0s3  |   U   |
[   45.886042] cloud-init[804]: ci-info: |   4   |    local    |    ::   |   enp0s3  |   U   |
[   45.886475] cloud-init[804]: ci-info: |   5   |    local    |    ::   |   enp0s8  |   U   |
[   45.887590] cloud-init[804]: ci-info: |   6   |   ff00::/8  |    ::   |   enp0s8  |   U   |
[   45.888143] cloud-init[804]: ci-info: |   7   |   ff00::/8  |    ::   |   enp0s3  |   U   |
[   45.888523] cloud-init[804]: ci-info: +-------+-------------+---------+-----------+-------+
[0;32m  OK  [0m] Started Initial cloud-init job (metadata service crawler).
[[0;32m  OK  [0m] Reached target Cloud-config availability.
[[0;32m  OK  [0m] Reached target System Initialization.
[[0;32m  OK  [0m] Started ACPI Events Check.
         Starting LXD - unix socket.
[[0;32m  OK  [0m] Listening on Open-iSCSI iscsid Socket.
[[0;32m  OK  [0m] Listening on UUID daemon activation socket.
[[0;32m  OK  [0m] Started Daily Cleanup of Temporary Directories.
[[0;32m  OK  [0m] Listening on D-Bus System Message Bus Socket.
[[0;32m  OK  [0m] Started Message of the Day.
[[0;32m  OK  [0m] Started Discard unused blocks once a week.
[[0;32m  OK  [0m] Reached target Paths.
[[0;32m  OK  [0m] Listening on ACPID Listen Socket.
         Starting Socket activation for snappy daemon.
[[0;32m  OK  [0m] Started Daily apt download activities.
[[0;32m  OK  [0m] Started Daily apt upgrade and clean activities.
[[0;32m  OK  [0m] Reached target Timers.
[[0;32m  OK  [0m] Reached target Network is Online.
         Starting Availability of block devices...
[[0;32m  OK  [0m] Reached target Remote File Systems (Pre).
[[0;32m  OK  [0m] Reached target Remote File Systems.
[[0;32m  OK  [0m] Listening on LXD - unix socket.
[[0;32m  OK  [0m] Listening on Socket activation for snappy daemon.
[[0;32m  OK  [0m] Started Availability of block devices.
[[0;32m  OK  [0m] Reached target Sockets.
[[0;32m  OK  [0m] Reached target Basic System.
         Starting LSB: automatic crash report generation...
[[0;32m  OK  [0m] Started Deferred execution scheduler.
         Starting Snappy daemon...
[[0;32m  OK  [0m] Started irqbalance daemon.
         Starting LSB: Record successful boot for GRUB...
[[0;32m  OK  [0m] Started Regular background program processing daemon.
         Starting vboxadd.service...
         Starting Login Service...
         Starting Dispatcher daemon for systemd-networkd...
         Starting Accounts Service...
[[0;32m  OK  [0m] Started FUSE filesystem for LXC.
[[0;32m  OK  [0m] Started D-Bus System Message Bus.
[[0;32m  OK  [0m] Started Login Service.
[[0;32m  OK  [0m] Started Unattended Upgrades Shutdown.
         Starting Permit User Sessions...
         Starting System Logging Service...
         Starting OpenBSD Secure Shell server...
         Starting LXD - container startup/shutdown...
[[0;32m  OK  [0m] Started System Logging Service.
[[0;32m  OK  [0m] Started Permit User Sessions.
         Starting Authorization Manager...
         Starting Terminate Plymouth Boot Screen...
         Starting Hold until boot process finishes up...
[[0;32m  OK  [0m] Started Hold until boot process finishes up.
[[0;32m  OK  [0m] Started Terminate Plymouth Boot Screen.
[[0;32m  OK  [0m] Started Snappy daemon.
[[0;32m  OK  [0m] Started OpenBSD Secure Shell server.
         Starting Wait until snapd is fully seeded...
         Starting Set console scheme...
[[0;32m  OK  [0m] Started Serial Getty on ttyS0.
[[0;32m  OK  [0m] Started LSB: automatic crash report generation.
[[0;32m  OK  [0m] Started Authorization Manager.
[[0;32m  OK  [0m] Started Accounts Service.
[[0;32m  OK  [0m] Started Set console scheme.
[[0;32m  OK  [0m] Created slice system-getty.slice.
[[0;32m  OK  [0m] Started Getty on tty1.
[[0;32m  OK  [0m] Reached target Login Prompts.
[[0;32m  OK  [0m] Started LSB: Record successful boot for GRUB.
[[0;32m  OK  [0m] Started Wait until snapd is fully seeded.
         Starting Apply the settings specified in cloud-config...
[[0;32m  OK  [0m] Started LXD - container startup/shutdown.
[[0;32m  OK  [0m] Created slice User Slice of vagrant.
[[0;32m  OK  [0m] Started Dispatcher daemon for systemd-networkd.
[[0;32m  OK  [0m] Started Session 1 of user vagrant.
         Starting User Manager for UID 1000...
[[0;32m  OK  [0m] Started User Manager for UID 1000.
[   51.284565] cloud-init[1169]: Cloud-init v. 19.2-36-g059d049c-0ubuntu2~18.04.1 running 'modules:config' at Thu, 13 Feb 2020 08:06:45 +0000. Up 50.76 seconds.
[[0;32m  OK  [0m] Started Apply the settings specified in cloud-config.
[[0;32m  OK  [0m] Started vboxadd.service.
         Starting vboxadd-service.service...
[[0;32m  OK  [0m] Started vboxadd-service.service.
[[0;32m  OK  [0m] Reached target Multi-User System.
         Starting Execute cloud user/final scripts...
[[0;32m  OK  [0m] Reached target Graphical Interface.
         Starting Update UTMP about System Runlevel Changes...
[[0;32m  OK  [0m] Started Update UTMP about System Runlevel Changes.
[   53.628409] cloud-init[1339]: Cloud-init v. 19.2-36-g059d049c-0ubuntu2~18.04.1 running 'modules:final' at Thu, 13 Feb 2020 08:06:48 +0000. Up 53.28 seconds.
[   53.629501] cloud-init[1339]: Cloud-init v. 19.2-36-g059d049c-0ubuntu2~18.04.1 finished at Thu, 13 Feb 2020 08:06:48 +0000. Datasource DataSourceNoCloud [seed=/dev/sdb][dsmode=net].  Up 53.61 seconds

Ubuntu 18.04.3 LTS ubuntu-bionic ttyS0

ubuntu-bionic login:          Stopping Authorization Manager...
[[0;32m  OK  [0m] Stopped target Cloud-init target.
         Stopping Session 3 of user vagrant.
[[0;32m  OK  [0m] Cls         Stopping LSB: automatic crash report generation...
         Stopping LSB: Record successful boot for GRUB...
         Stopping vboxadd-service.service...
         Stopping Deferred execution scheduler...
[[0;32m  OK  [0m] Unmounted /var/lib/lxcfs.
[[0;32m  OK  [0m] Stopped Deferred execution scheduler.
[[0;32m  OK  [0m] Stopped irqbalance daemon.
[[0;32m  OK  [0m] Stopped Regular background program processing daemon.
[[0;32m  OK  [0m] Stopped Dispatcher daemon for systemd-networkd.
[[0;32m  OK  [0m] Stopped Accounts Service.
[[0;32m  OK  [0m] Stopped Unattended Upgrades Shutdown.
[[0;32m  OK  [0m] Stopped System Logging Service.
[[0;32m  OK  [0m] Stopped OpenBSD Secure Shell server.
[[0;32m  OK  [0m] Stopped Authorization Manager.
[[0;32m  OK  [0m] Stopped Serial Getty on ttyS0.
[[0;32m  OK  [0m] Stopped Getty on tty1.
[[0;32m  OK  [0m] Stopped User Manager for UID 1000.
[[0;32m  OK  [0m] Stopped Availability of block devices.
[[0;32m  OK  [0m] Stopped D-Bus System Message Bus.
[[0;32m  OK  [0m] Stopped vboxadd-service.service.
[[0;32m  OK  [0m] Stopped FUSE filesystem for LXC.
[[0;32m  OK  [0m] Stopped Session 3 of user vagrant.
[[0;32m  OK  [0m] Stopped Session 7 of user vagrant.
[[0;32m  OK  [0m] Stopped LXD - container startup/shutdown.
[[0;32m  OK  [0m] Stopped LSB: Record successful boot for GRUB.
[[0;32m  OK  [0m] Stopped LSB: automatic crash report generation.
         Stopping vboxadd.service...
[[0;32m  OK  [0m] Removed slice User Slice of vagrant.
[[0;32m  OK  [0m] Removed slice system-getty.slice.
[[0;32m  OK  [0m] Removed slice system-serial\x2dgetty.slice.
         Stopping Permit User Sessions...
         Stopping Login Service...
[[0;32m  OK  [0m] Stopped Permit User Sessions.
[[0;32m  OK  [0m] Stopped target Network.
         Stopping Network Name Resolution...
[[0;32m  OK  [0m] Stopped target Remote File Systems.
[[0;32m  OK  [0m] Stopped target Remote File Systems (Pre).
[[0;32m  OK  [0m] Stopped Login Service.
[[0;32m  OK  [0m] Stopped Network Name Resolution.
         Stopping Network Service...
[[0;32m  OK  [0m] Stopped target User and Group Name Lookups.
[[0;32m  OK  [0m] Stopped Network Service.
[[0;32m  OK  [0m] Stopped target Network (Pre).
[[0;32m  OK  [0m] Unmounted /home/vagrant/work.
[[0;32m  OK  [0m] Unmounted /vagrant.
[[0;32m  OK  [0m] Stopped vboxadd.service.
[[0;32m  OK  [0m] Stopped target Basic System.
[[0;32m  OK  [0m] Stopped target Slices.
[[0;32m  OK  [0m] Removed slice User and Session Slice.
[[0;32m  OK  [0m] Stopped target Sockets.
[[0;32m  OK  [0m] Closed ACPID Listen Socket.
[[0;32m  OK  [0m] Closed LXD - unix socket.
[[0;32m  OK  [0m] Closed Syslog Socket.
[[0;32m  OK  [0m] Closed Open-iSCSI iscsid Socket.
[[0;32m  OK  [0m] Closed UUID daemon activation socket.
[[0;32m  OK  [0m] Closed Socket activation for snappy daemon.
[[0;32m  OK  [0m] Closed D-Bus System Message Bus Socket.
[[0;32m  OK  [0m] Stopped target Paths.
[[0;32m  OK  [0m] Stopped ACPI Events Check.
[[0;32m  OK  [0m] Stopped target System Initialization.
         Stopping Update UTMP about System Boot/Shutdown...
         Stopping Load/Save Random Seed...
[[0;32m  OK  [0m] Stopped Initial cloud-init job (metadata service crawler).
[[0;32m  OK  [0m] Stopped Initial cloud-init job (pre-networking).
[[0;32m  OK  [0m] Stopped target Local Encrypted Volumes.
[[0;32m  OK  [0m] Stopped Forward Password Requests to Wall Directory Watch.
[[0;32m  OK  [0m] Stopped Dispatch Password Requests to Console Directory Watch.
[[0;32m  OK  [0m] Stopped Apply Kernel Variables.
[[0;32m  OK  [0m] Stopped Load Kernel Modules.
[[0;32m  OK  [0m] Stopped Load/Save Random Seed.
[[0;32m  OK  [0m] Stopped Update UTMP about System Boot/Shutdown.
[[0;32m  OK  [0m] Stopped Create Volatile Files and Directories.
[[0;32m  OK  [0m] Stopped target Local File Systems.
         Unmounting /run/user/1000...
[[0;32m  OK  [0m] Unmounted /run/user/1000.
[[0;32m  OK  [0m] Reached target Unmount All Filesystems.
[[0;32m  OK  [0m] Stopped target Swap.
[[0;32m  OK  [0m] Stopped target Local File Systems (Pre).
[[0;32m  OK  [0m] Stopped Create Static Device Nodes in /dev.
[[0;32m  OK  [0m] Stopped Remount Root and Kernel File Systems.
[[0;32m  OK  [0m] Reached target Shutdown.
[[0;32m  OK  [0m] Reached target Final Step.
         Starting Power-Off...
         Stopping Monitoring of LVM2 mirrors…ng dmeventd or progress polling...
[[0;32m  OK  [0m] Stopped Monitoring of LVM2 mirrors,…sing dmeventd or progress polling.
         Stopping LVM2 metadata daemon...
[[0;32m  OK  [0m] Stopped LVM2 metadata daemon.
[ 6307.910871] reboot: Power down
